DEPRECATION WARNING: Leaving `ActiveRecord::ConnectionAdapters::SQLite3Adapter.represent_boolean_as_integer`
set to false is deprecated. SQLite databases have used 't' and 'f' to serialize
boolean values and must have old data converted to 1 and 0 (its native boolean
serialization) before setting this flag to true. Conversion can be accomplished
by setting up a rake task which runs

  ExampleModel.where("boolean_column = 't'").update_all(boolean_column: 1)
  ExampleModel.where("boolean_column = 'f'").update_all(boolean_column: 0)

for all models and all boolean columns, after which the flag must be set to
true by adding the following to your application.rb file:

  Rails.application.config.active_record.sqlite3.represent_boolean_as_integer = true
 (called from load at C:/Ruby24-x64/bin/rake:23)
  [1m[35m (0.1ms)[0m  [1m[34mSELECT sqlite_version(*)[0m
  [1m[35m (8.7ms)[0m  [1m[35mCREATE TABLE "schema_migrations" ("version" varchar NOT NULL PRIMARY KEY)[0m
  [1m[35m (7.2ms)[0m  [1m[35mCREATE TABLE "ar_internal_metadata" ("key" varchar NOT NULL PRIMARY KEY, "value" varchar, "created_at" datetime NOT NULL, "updated_at" datetime NOT NULL)[0m
  [1m[35m (0.2ms)[0m  [1m[34mSELECT "schema_migrations"."version" FROM "schema_migrations" ORDER BY "schema_migrations"."version" ASC[0m
Migrating to UpdateSchema1 (20190723045507)
  [1m[35m (0.1ms)[0m  [1m[36mbegin transaction[0m
  [1m[35m (2.4ms)[0m  [1m[35mCREATE TABLE "employees" ("id" integer PRIMARY KEY AUTOINCREMENT NOT NULL, "emp_id" varchar, "name" varchar, "age" integer, "address" varchar, "busho" varchar, "created_at" datetime, "updated_at" datetime)[0m
  [1m[36mActiveRecord::SchemaMigration Create (0.2ms)[0m  [1m[32mINSERT INTO "schema_migrations" ("version") VALUES (?)[0m  [["version", "20190723045507"]]
  [1m[35m (8.0ms)[0m  [1m[36mcommit transaction[0m
Migrating to UpdateSchema2 (20190725013713)
  [1m[35m (0.1ms)[0m  [1m[36mbegin transaction[0m
  [1m[35m (0.9ms)[0m  [1m[35mALTER TABLE "employees" ADD "section_id" integer[0m
  [1m[35m (0.7ms)[0m  [1m[35mCREATE TEMPORARY TABLE "aemployees" ("id" integer NOT NULL PRIMARY KEY, "emp_id" varchar DEFAULT NULL, "name" varchar DEFAULT NULL, "age" integer DEFAULT NULL, "address" varchar DEFAULT NULL, "busho" varchar DEFAULT NULL, "created_at" datetime DEFAULT NULL, "updated_at" datetime DEFAULT NULL, "section_id" integer DEFAULT NULL)[0m
  [1m[35m (0.1ms)[0m  [1m[32mINSERT INTO "aemployees" ("id","emp_id","name","age","address","busho","created_at","updated_at","section_id")
                     SELECT "id","emp_id","name","age","address","busho","created_at","updated_at","section_id" FROM "employees"[0m
  [1m[35m (0.7ms)[0m  [1m[35mDROP TABLE "employees"[0m
  [1m[35m (0.1ms)[0m  [1m[35mCREATE TABLE "employees" ("id" integer NOT NULL PRIMARY KEY, "emp_id" varchar DEFAULT NULL, "name" varchar DEFAULT NULL, "age" integer DEFAULT NULL, "address" varchar DEFAULT NULL, "created_at" datetime DEFAULT NULL, "updated_at" datetime DEFAULT NULL, "section_id" integer DEFAULT NULL)[0m
  [1m[35m (0.1ms)[0m  [1m[32mINSERT INTO "employees" ("id","emp_id","name","age","address","created_at","updated_at","section_id")
                     SELECT "id","emp_id","name","age","address","created_at","updated_at","section_id" FROM "aemployees"[0m
  [1m[35m (0.7ms)[0m  [1m[35mDROP TABLE "aemployees"[0m
  [1m[35m (0.2ms)[0m  [1m[35mCREATE TABLE "sections" ("id" integer PRIMARY KEY AUTOINCREMENT NOT NULL, "sec_name" varchar, "created_at" datetime, "updated_at" datetime)[0m
  [1m[36mActiveRecord::SchemaMigration Create (0.2ms)[0m  [1m[32mINSERT INTO "schema_migrations" ("version") VALUES (?)[0m  [["version", "20190725013713"]]
  [1m[35m (10.4ms)[0m  [1m[36mcommit transaction[0m
  [1m[36mActiveRecord::InternalMetadata Load (0.2ms)[0m  [1m[34mSELECT  "ar_internal_metadata".* FROM "ar_internal_metadata" WHERE "ar_internal_metadata"."key" = ? LIMIT ?[0m  [["key", "environment"], ["LIMIT", 1]]
  [1m[35m (0.1ms)[0m  [1m[36mbegin transaction[0m
  [1m[36mActiveRecord::InternalMetadata Create (1.3ms)[0m  [1m[32mINSERT INTO "ar_internal_metadata" ("key", "value", "created_at", "updated_at") VALUES (?, ?, ?, ?)[0m  [["key", "environment"], ["value", "development"], ["created_at", "2019-07-25 04:39:14.885251"], ["updated_at", "2019-07-25 04:39:14.885251"]]
  [1m[35m (7.7ms)[0m  [1m[36mcommit transaction[0m
  [1m[35m (0.1ms)[0m  [1m[34mSELECT "schema_migrations"."version" FROM "schema_migrations" ORDER BY "schema_migrations"."version" ASC[0m
DEPRECATION WARNING: Leaving `ActiveRecord::ConnectionAdapters::SQLite3Adapter.represent_boolean_as_integer`
set to false is deprecated. SQLite databases have used 't' and 'f' to serialize
boolean values and must have old data converted to 1 and 0 (its native boolean
serialization) before setting this flag to true. Conversion can be accomplished
by setting up a rake task which runs

  ExampleModel.where("boolean_column = 't'").update_all(boolean_column: 1)
  ExampleModel.where("boolean_column = 'f'").update_all(boolean_column: 0)

for all models and all boolean columns, after which the flag must be set to
true by adding the following to your application.rb file:

  Rails.application.config.active_record.sqlite3.represent_boolean_as_integer = true
 (called from instance_eval at C:/Ruby24-x64/lib/ruby/gems/2.4.0/gems/activesupport-5.2.3/lib/active_support/lazy_load_hooks.rb:71)
Started GET "/%E3%80%8D%E3%81%AB%E3%82%A2" for ::1 at 2019-07-25 13:48:23 +0900
  
ActionController::RoutingError (No route matches [GET] "/%E3%80%8D%E3%81%AB%E3%82%A2"):
  
actionpack (5.2.3) lib/action_dispatch/middleware/debug_exceptions.rb:65:in `call'
web-console (3.7.0) lib/web_console/middleware.rb:135:in `call_app'
web-console (3.7.0) lib/web_console/middleware.rb:30:in `block in call'
web-console (3.7.0) lib/web_console/middleware.rb:20:in `catch'
web-console (3.7.0) lib/web_console/middleware.rb:20:in `call'
actionpack (5.2.3) lib/action_dispatch/middleware/show_exceptions.rb:33:in `call'
railties (5.2.3) lib/rails/rack/logger.rb:38:in `call_app'
railties (5.2.3) lib/rails/rack/logger.rb:26:in `block in call'
activesupport (5.2.3) lib/active_support/tagged_logging.rb:71:in `block in tagged'
activesupport (5.2.3) lib/active_support/tagged_logging.rb:28:in `tagged'
activesupport (5.2.3) lib/active_support/tagged_logging.rb:71:in `tagged'
railties (5.2.3) lib/rails/rack/logger.rb:26:in `call'
actionpack (5.2.3) lib/action_dispatch/middleware/remote_ip.rb:81:in `call'
actionpack (5.2.3) lib/action_dispatch/middleware/request_id.rb:27:in `call'
rack (2.0.7) lib/rack/method_override.rb:22:in `call'
rack (2.0.7) lib/rack/runtime.rb:22:in `call'
activesupport (5.2.3) lib/active_support/cache/strategy/local_cache_middleware.rb:29:in `call'
actionpack (5.2.3) lib/action_dispatch/middleware/executor.rb:14:in `call'
actionpack (5.2.3) lib/action_dispatch/middleware/static.rb:127:in `call'
rack (2.0.7) lib/rack/sendfile.rb:111:in `call'
railties (5.2.3) lib/rails/engine.rb:524:in `call'
puma (3.12.1) lib/puma/configuration.rb:227:in `call'
puma (3.12.1) lib/puma/server.rb:660:in `handle_request'
puma (3.12.1) lib/puma/server.rb:474:in `process_client'
puma (3.12.1) lib/puma/server.rb:334:in `block in run'
puma (3.12.1) lib/puma/thread_pool.rb:135:in `block in spawn_thread'
Started GET "/" for ::1 at 2019-07-25 13:48:34 +0900
Processing by RoutesController#index as HTML
  Rendering routes/index.html.erb within layouts/application
  Rendered routes/index.html.erb within layouts/application (0.9ms)
DEPRECATION WARNING: Extra .css in SCSS file is unnecessary. Rename C:/rails/miyatsuko_test1/app/assets/stylesheets/_variables.css.scss to C:/rails/miyatsuko_test1/app/assets/stylesheets/_variables.scss. (called from _app_views_layouts_application_html_erb__956018094_71468000 at C:/rails/miyatsuko_test1/app/views/layouts/application.html.erb:5)
DEPRECATION WARNING: Extra .css in SCSS file is unnecessary. Rename C:/rails/miyatsuko_test1/app/assets/stylesheets/_bootstrap_overrides.css.scss to C:/rails/miyatsuko_test1/app/assets/stylesheets/_bootstrap_overrides.scss. (called from _app_views_layouts_application_html_erb__956018094_71468000 at C:/rails/miyatsuko_test1/app/views/layouts/application.html.erb:5)
DEPRECATION WARNING: Extra .css in SCSS file is unnecessary. Rename C:/rails/miyatsuko_test1/app/assets/stylesheets/_variables.css.scss to C:/rails/miyatsuko_test1/app/assets/stylesheets/_variables.scss. (called from _app_views_layouts_application_html_erb__956018094_71468000 at C:/rails/miyatsuko_test1/app/views/layouts/application.html.erb:5)
DEPRECATION WARNING: Extra .css in SCSS file is unnecessary. Rename C:/rails/miyatsuko_test1/app/assets/stylesheets/_bootstrap_overrides.css.scss to C:/rails/miyatsuko_test1/app/assets/stylesheets/_bootstrap_overrides.scss. (called from _app_views_layouts_application_html_erb__956018094_71468000 at C:/rails/miyatsuko_test1/app/views/layouts/application.html.erb:5)
Completed 200 OK in 7296ms (Views: 7279.3ms)


Started GET "/assets/jquery.self-bd7ddd393353a8d2480a622e80342adf488fb6006d667e8b42e4c0073393abee.js?body=1" for ::1 at 2019-07-25 13:48:42 +0900
Started GET "/assets/jquery_ujs.self-784a997f6726036b1993eb2217c9cb558e1cbb801c6da88105588c56f13b466a.js?body=1" for ::1 at 2019-07-25 13:48:42 +0900
Started GET "/assets/jquery-ui/version.self-c8e3d1203da26ea7efdf83c1eabb3f0ba55cb68e463f5ccf0d77bd15ce6a8e61.js?body=1" for ::1 at 2019-07-25 13:48:42 +0900
Started GET "/assets/jquery-ui/data.self-2067c82e6fe39a9cba5623206a5dc28d5c60d26b95cd100855b78cacf72865b8.js?body=1" for ::1 at 2019-07-25 13:48:42 +0900
Started GET "/assets/jquery-ui/focusable.self-426e99e67d1f1bd4cb444fd878ee63a6de1f5d1d61451e43022c86214b9eec64.js?body=1" for ::1 at 2019-07-25 13:48:42 +0900
Started GET "/assets/jquery-ui/disable-selection.self-5675f71f2fbbc6857ea700ba843af748b50dbc0150cc87932a7d05ec016bb659.js?body=1" for ::1 at 2019-07-25 13:48:42 +0900
Started GET "/assets/jquery-ui/form.self-711978b53107be2d9ef1b7369beb151b229cefa8c1405a056d3c34262d5b477e.js?body=1" for ::1 at 2019-07-25 13:48:42 +0900
Started GET "/assets/jquery-ui/ie.self-163eb039dcb1e0c3471b7d91386eabb8753da6906e84824c019f9ff56bdb83a6.js?body=1" for ::1 at 2019-07-25 13:48:43 +0900
Started GET "/assets/jquery-ui/keycode.self-ad63cd20acf49dd333bbbc537454d7d475bd610eb5b88de0dca009f0c3d314b1.js?body=1" for ::1 at 2019-07-25 13:48:43 +0900
Started GET "/assets/jquery-ui/escape-selector.self-43e4d61501e4ffb1ecba387affbae1eb3e1c863ab0b0e71897851cddd246e50e.js?body=1" for ::1 at 2019-07-25 13:48:43 +0900
Started GET "/assets/jquery-ui/labels.self-c0448a3cb597a9a9429be814ab0e9ed2a14d85604555b4cff897adf3f0415f38.js?body=1" for ::1 at 2019-07-25 13:48:43 +0900
Started GET "/assets/jquery-ui/jquery-1-7.self-22c197e38fc01a29431530c4c5c7263e26d2b611994b1f9c5c8c900a97b4bc44.js?body=1" for ::1 at 2019-07-25 13:48:43 +0900
Started GET "/assets/jquery-ui/plugin.self-d8f576c8e073ca51f095505f47bd09d306b875404cd90afcbb6338287cfb0247.js?body=1" for ::1 at 2019-07-25 13:48:43 +0900
Started GET "/assets/jquery-ui/safe-active-element.self-a1f1a1a7dae3269ce03f6fffb2dcc9b4a7490f5d546c65d54417bec3be24b668.js?body=1" for ::1 at 2019-07-25 13:48:43 +0900
Started GET "/assets/jquery-ui/safe-blur.self-2cc24c46132d51c7724f6371154241b0a81c9bae5d5681d8f62b01ce46236726.js?body=1" for ::1 at 2019-07-25 13:48:43 +0900
Started GET "/assets/jquery-ui/scroll-parent.self-38e26a71a450a29fb63425e8f589a7046862f927eb0a1dbf6a6c44da05196d2e.js?body=1" for ::1 at 2019-07-25 13:48:43 +0900
Started GET "/assets/jquery-ui/tabbable.self-f3f62ceed772d3a325cebd6a03221f8a8cb02c6150f4feba738c6525a2953690.js?body=1" for ::1 at 2019-07-25 13:48:43 +0900
Started GET "/assets/jquery-ui/unique-id.self-66e85ac85cd0b6b8b1bb89369fc65f608f716869dc0930862a8d421a57a9580a.js?body=1" for ::1 at 2019-07-25 13:48:43 +0900
Started GET "/assets/jquery-ui/core.self-886760af898381620a8980841c646ae70e894b5292c3138e6dfd75b6904deffb.js?body=1" for ::1 at 2019-07-25 13:48:43 +0900
Started GET "/assets/jquery-ui/effect.self-776455da1682afff3a4974146aa96ca840597b879ed3797af0604063527443c6.js?body=1" for ::1 at 2019-07-25 13:48:43 +0900
Started GET "/assets/jquery-ui/form-reset-mixin.self-3a447942586b5719fdd7f1d1a3ac0da9e757a0eb8f4a7cb145f6deb820d2dc54.js?body=1" for ::1 at 2019-07-25 13:48:43 +0900
Started GET "/assets/jquery-ui/position.self-1b49c8c521e67a4a88bfdad6b4d944d33686d25009a0e40a1e170acdd7b6962a.js?body=1" for ::1 at 2019-07-25 13:48:43 +0900
Started GET "/assets/jquery-ui/widget.self-fca20bcec06d192f97cffa6e734e24360e227237b8ae7d7e7e60754df7d5444f.js?body=1" for ::1 at 2019-07-25 13:48:43 +0900
Started GET "/assets/jquery-ui/effects/effect-blind.self-2f8923f5c3073717dad35ac1f9bd4dbc13d2f9c8128f7dbea9819921338271f4.js?body=1" for ::1 at 2019-07-25 13:48:43 +0900
Started GET "/assets/jquery-ui/effects/effect-bounce.self-ca3686abc7c667b5380422af36b618923c2fc8e901b3eb2ff627f1cdef60486a.js?body=1" for ::1 at 2019-07-25 13:48:44 +0900
Started GET "/assets/jquery-ui/effects/effect-clip.self-9e606afd1b0d1679f42b1ce5c2ad29f242ed98a9b1a473a9ef8a8bf10df2afe4.js?body=1" for ::1 at 2019-07-25 13:48:44 +0900
Started GET "/assets/jquery-ui/effects/effect-drop.self-481600061a28b5621b1d78187468e63f057665ce6af6401db851f9b79e345965.js?body=1" for ::1 at 2019-07-25 13:48:44 +0900
Started GET "/assets/jquery-ui/effects/effect-explode.self-b5f68a634df4bc19111474eb15bcd99597dc19c721b33647fbb04f2bb6d52ca3.js?body=1" for ::1 at 2019-07-25 13:48:44 +0900
Started GET "/assets/jquery-ui/effects/effect-fade.self-60febf4d2a1f6f013852a42da59c74d840f205715162a2b11e734fd4dd73a519.js?body=1" for ::1 at 2019-07-25 13:48:44 +0900
Started GET "/assets/jquery-ui/effects/effect-fold.self-78adc6cc7f2d8dac25e8c82164ae61cc3160bb5280ed3d24dd96a576e37a6e46.js?body=1" for ::1 at 2019-07-25 13:48:44 +0900
Started GET "/assets/jquery-ui/effects/effect-highlight.self-842a0db414abed8fbccb48908bd933b32c93c6b9d725160c85dc2bde708fa753.js?body=1" for ::1 at 2019-07-25 13:48:44 +0900
Started GET "/assets/jquery-ui/effects/effect-size.self-2094878ac7ba38dcd4539cd4595fa4d6ed7182be8bb6f03785684a5e470a293d.js?body=1" for ::1 at 2019-07-25 13:48:44 +0900
Started GET "/assets/jquery-ui/effects/effect-scale.self-88872e591cdbf30b3d09946e82e96e25bcd99b03857ead844a503301e6de71f3.js?body=1" for ::1 at 2019-07-25 13:48:44 +0900
Started GET "/assets/jquery-ui/effects/effect-puff.self-be0ba8a98762bf10054deb4e8bdf92c44de0d570714624d16c396f1ffe3a82d6.js?body=1" for ::1 at 2019-07-25 13:48:44 +0900
Started GET "/assets/jquery-ui/effects/effect-pulsate.self-bf83d1979be265f242fceb95cc3cfeca5467e4aab9cdea27ebb6f2e17bdaae2e.js?body=1" for ::1 at 2019-07-25 13:48:44 +0900
Started GET "/assets/jquery-ui/effects/effect-shake.self-867270f4e72f7895d38b10fdf9a6ba20f22bee88ac4d79654a9227c14141e1ca.js?body=1" for ::1 at 2019-07-25 13:48:44 +0900
Started GET "/assets/jquery-ui/effects/effect-slide.self-b59b0b36df7b3e5e4f4190ab51e5c212744d2b34d5ed14c96bfe9c8a3096c00b.js?body=1" for ::1 at 2019-07-25 13:48:44 +0900
Started GET "/assets/jquery-ui/effects/effect-transfer.self-5ab6d30ecb0b73e2b9a528f6d66c0732ba43a93a5326d88dae547f0c7c759e79.js?body=1" for ::1 at 2019-07-25 13:48:44 +0900
Started GET "/assets/jquery-ui/widgets/accordion.self-267aabfe487e53fce0399a77f9030a87b9d8a409eb30c4c85c5637da9ac35429.js?body=1" for ::1 at 2019-07-25 13:48:44 +0900
Started GET "/assets/jquery-ui/widgets/menu.self-0730fe713007bd93e6db569352a20ed92448299505ff6f525bc0dc6dd488254e.js?body=1" for ::1 at 2019-07-25 13:48:44 +0900
Started GET "/assets/jquery-ui/widgets/autocomplete.self-6a89d7a43741ec810ef95de143a7c0297e2e4368ebecff64493ebb7a9ac3a524.js?body=1" for ::1 at 2019-07-25 13:48:45 +0900
Started GET "/assets/jquery-ui/widgets/controlgroup.self-0b7409f97114a33de116bd5429e9df199cbdea3f276d8bd725c4c2c60f244711.js?body=1" for ::1 at 2019-07-25 13:48:45 +0900
Started GET "/assets/jquery-ui/widgets/checkboxradio.self-60f68cb16012ef210c931076ada2d65d54a8c74a2dc71ce383af758460f8b686.js?body=1" for ::1 at 2019-07-25 13:48:45 +0900
Started GET "/assets/jquery-ui/widgets/button.self-659b51f6fb5303f90ed8cf551509063770a50168a15795ba834b08f8bf2e0ce0.js?body=1" for ::1 at 2019-07-25 13:48:45 +0900
Started GET "/assets/jquery-ui/widgets/datepicker.self-2af0dec09da99d687c31fc224e940687a4eb3694e7b38b0871bba475cad86120.js?body=1" for ::1 at 2019-07-25 13:48:45 +0900
Started GET "/assets/jquery-ui/widgets/mouse.self-f0790a202dcf54fab051e71b042335d5346f9cceb0f645223c1dab93f349a04b.js?body=1" for ::1 at 2019-07-25 13:48:45 +0900
Started GET "/assets/jquery-ui/widgets/draggable.self-42c3eda0b49f105628cea7580fe38c7ed77467cee384bb2c4e095a2bd0a172e6.js?body=1" for ::1 at 2019-07-25 13:48:45 +0900
Started GET "/assets/jquery-ui/widgets/resizable.self-1a46c2f5b876918e02bf979080e56f57846590cd880721bca5058e84f7f60bae.js?body=1" for ::1 at 2019-07-25 13:48:45 +0900
Started GET "/assets/jquery-ui/widgets/dialog.self-2bd687f9580c0be4213c50b4bb1211c28ceedb045eba954e63d40bfbb4d1affd.js?body=1" for ::1 at 2019-07-25 13:48:45 +0900
Started GET "/assets/jquery-ui/widgets/droppable.self-4e3be0d7524dd1852e3b37ae00cd0c351c6178bcad39b17315cca941ddd44148.js?body=1" for ::1 at 2019-07-25 13:48:45 +0900
Started GET "/assets/jquery-ui/widgets/progressbar.self-3bf965ce4e8ade2f07336ae5ffce7fe58897333238561761ffcb16f31af673fc.js?body=1" for ::1 at 2019-07-25 13:48:45 +0900
Started GET "/assets/jquery-ui/widgets/selectable.self-a364da09c555890f5bb64704711594a88e94988edb285735bda59431a749226e.js?body=1" for ::1 at 2019-07-25 13:48:45 +0900
Started GET "/assets/jquery-ui/widgets/selectmenu.self-43e0fc6b5fba037933a7d89a5b2a7127aa9c7494cc605c2dcd3146265e2d3d35.js?body=1" for ::1 at 2019-07-25 13:48:45 +0900
Started GET "/assets/jquery-ui/widgets/slider.self-f166e8b345d6a2376ab8f43b05ab7629016706df83f2d96113cf5d8905c3d028.js?body=1" for ::1 at 2019-07-25 13:48:45 +0900
Started GET "/assets/jquery-ui/widgets/sortable.self-6e5e1f07a29b5a89ec1d359363d2800904e3ae548a38ab2f8eded36746d1adbe.js?body=1" for ::1 at 2019-07-25 13:48:45 +0900
Started GET "/assets/jquery-ui/widgets/spinner.self-2769386b6b06e175a13ccdcd6d2d0cd40c45cec19607bcb818cee0704c165557.js?body=1" for ::1 at 2019-07-25 13:48:45 +0900
Started GET "/assets/jquery-ui/widgets/tabs.self-b7f60535e992224ca66c3f11dc943eba9ef42a9605241e27b9dba24c7efb287e.js?body=1" for ::1 at 2019-07-25 13:48:46 +0900
Started GET "/assets/jquery-ui.self-d4c1ae19d9b853ec1c8c83784fa979bbe4075a84932a080bbd7d7706240410e1.js?body=1" for ::1 at 2019-07-25 13:48:46 +0900
Started GET "/assets/jquery-ui/widgets/tooltip.self-50ae9488af573c99a78b60209bce5c7a4affc4e175fef523942acb163dd8deb8.js?body=1" for ::1 at 2019-07-25 13:48:46 +0900
Started GET "/assets/bootstrap.self-cdea7efeac1597b89ddd6fd86b0e8e0bec5d5fb1fac9c6e8a045f2c59eef2d13.js?body=1" for ::1 at 2019-07-25 13:48:46 +0900
Started GET "/assets/turbolinks.self-569ee74eaa15c1e2019317ff770b8769b1ec033a0f572a485f64c82ddc8f989e.js?body=1" for ::1 at 2019-07-25 13:48:46 +0900
Started GET "/assets/application.self-f2b5b9cbe9166fcd551c3f4e3faf08edf2de70ef4a8af0731e6113582c1d1e86.js?body=1" for ::1 at 2019-07-25 13:48:46 +0900
Started GET "/employees" for ::1 at 2019-07-25 13:49:06 +0900
Processing by EmployeesController#index as HTML
  Rendering employees/index.html.erb within layouts/application
  [1m[36mEmployee Load (3.7ms)[0m  [1m[34mSELECT "employees".* FROM "employees"[0m
  Rendered employees/index.html.erb within layouts/application (17.2ms)
Completed 200 OK in 678ms (Views: 541.8ms | ActiveRecord: 4.9ms)


Started GET "/sections" for ::1 at 2019-07-25 13:49:11 +0900
Processing by SectionsController#index as HTML
  Rendering sections/index.html.erb within layouts/application
  [1m[36mSection Load (0.3ms)[0m  [1m[34mSELECT "sections".* FROM "sections"[0m
  Rendered sections/index.html.erb within layouts/application (4.1ms)
Completed 200 OK in 478ms (Views: 416.5ms | ActiveRecord: 0.8ms)


Started GET "/sections/new" for ::1 at 2019-07-25 13:49:16 +0900
Processing by SectionsController#new as HTML
  Rendering sections/new.html.erb within layouts/application
  Rendered sections/new.html.erb within layouts/application (2.2ms)
Completed 200 OK in 469ms (Views: 439.0ms | ActiveRecord: 1.1ms)


Started POST "/sections" for ::1 at 2019-07-25 13:49:32 +0900
Processing by SectionsController#create as HTML
  Parameters: {"utf8"=>"âœ“", "authenticity_token"=>"HuKaPmmlULDfbO2VzfZKWDoameYdSYf2qZO1tJpb/870TfHL7e1cU1HO+Q5s3Bag3G7hT+H2S93yGk+gIYIzug==", "section"=>{"sec_name"=>"é–‹ç™ºéƒ¨"}, "commit"=>"ä¿å­˜"}
  [1m[35m (0.1ms)[0m  [1m[36mbegin transaction[0m
  [1m[36mSection Create (1.4ms)[0m  [1m[32mINSERT INTO "sections" ("sec_name", "created_at", "updated_at") VALUES (?, ?, ?)[0m  [["sec_name", "é–‹ç™ºéƒ¨"], ["created_at", "2019-07-25 04:49:32.410669"], ["updated_at", "2019-07-25 04:49:32.410669"]]
  [1m[35m (9.9ms)[0m  [1m[36mcommit transaction[0m
Redirected to http://localhost:3000/sections/1
Completed 302 Found in 20ms (ActiveRecord: 11.4ms)


Started GET "/sections/1" for ::1 at 2019-07-25 13:49:32 +0900
Processing by SectionsController#show as HTML
  Parameters: {"id"=>"1"}
  [1m[36mSection Load (0.3ms)[0m  [1m[34mSELECT  "sections".* FROM "sections" WHERE "sections"."id" = ? LIMIT ?[0m  [["id", 1], ["LIMIT", 1]]
  Rendering sections/show.html.erb within layouts/application
  Rendered sections/show.html.erb within layouts/application (1.3ms)
Completed 200 OK in 480ms (Views: 444.3ms | ActiveRecord: 0.3ms)


Started GET "/sections" for ::1 at 2019-07-25 13:49:37 +0900
Processing by SectionsController#index as HTML
  Rendering sections/index.html.erb within layouts/application
  [1m[36mSection Load (0.4ms)[0m  [1m[34mSELECT "sections".* FROM "sections"[0m
  Rendered sections/index.html.erb within layouts/application (3.2ms)
Completed 200 OK in 429ms (Views: 405.9ms | ActiveRecord: 0.4ms)


Started GET "/sections/new" for ::1 at 2019-07-25 13:49:39 +0900
Processing by SectionsController#new as HTML
  Rendering sections/new.html.erb within layouts/application
  Rendered sections/new.html.erb within layouts/application (2.5ms)
Completed 200 OK in 462ms (Views: 438.3ms | ActiveRecord: 0.0ms)


Started POST "/sections" for ::1 at 2019-07-25 13:49:47 +0900
Processing by SectionsController#create as HTML
  Parameters: {"utf8"=>"âœ“", "authenticity_token"=>"D+xgfCaRzmkWMe3ASKB6WmTF0qYUGKezh3mNeb9BdszlQwuJotnCipiT+VvpiiaigrGqD+ina5jc8HdtBJi6uA==", "section"=>{"sec_name"=>"å–¶æ¥­éƒ¨"}, "commit"=>"ä¿å­˜"}
  [1m[35m (0.1ms)[0m  [1m[36mbegin transaction[0m
  [1m[36mSection Create (1.2ms)[0m  [1m[32mINSERT INTO "sections" ("sec_name", "created_at", "updated_at") VALUES (?, ?, ?)[0m  [["sec_name", "å–¶æ¥­éƒ¨"], ["created_at", "2019-07-25 04:49:47.672469"], ["updated_at", "2019-07-25 04:49:47.672469"]]
  [1m[35m (9.9ms)[0m  [1m[36mcommit transaction[0m
Redirected to http://localhost:3000/sections/2
Completed 302 Found in 19ms (ActiveRecord: 11.1ms)


Started GET "/sections/2" for ::1 at 2019-07-25 13:49:47 +0900
Processing by SectionsController#show as HTML
  Parameters: {"id"=>"2"}
  [1m[36mSection Load (0.2ms)[0m  [1m[34mSELECT  "sections".* FROM "sections" WHERE "sections"."id" = ? LIMIT ?[0m  [["id", 2], ["LIMIT", 1]]
  Rendering sections/show.html.erb within layouts/application
  Rendered sections/show.html.erb within layouts/application (1.4ms)
Completed 200 OK in 471ms (Views: 446.7ms | ActiveRecord: 0.2ms)


Started GET "/" for ::1 at 2019-07-25 13:50:01 +0900
Processing by RoutesController#index as HTML
  Rendering routes/index.html.erb within layouts/application
  Rendered routes/index.html.erb within layouts/application (1.3ms)
Completed 200 OK in 435ms (Views: 423.6ms | ActiveRecord: 0.0ms)


Started GET "/employees" for ::1 at 2019-07-25 13:50:04 +0900
Processing by EmployeesController#index as HTML
  Rendering employees/index.html.erb within layouts/application
  [1m[36mEmployee Load (0.3ms)[0m  [1m[34mSELECT "employees".* FROM "employees"[0m
  Rendered employees/index.html.erb within layouts/application (3.0ms)
Completed 200 OK in 497ms (Views: 475.2ms | ActiveRecord: 0.3ms)


Started GET "/employees/new" for ::1 at 2019-07-25 13:50:10 +0900
Processing by EmployeesController#new as HTML
  Rendering employees/new.html.erb within layouts/application
  [1m[35m (0.4ms)[0m  [1m[34mSELECT "sections"."sec_name", "sections"."id" FROM "sections"[0m
  Rendered employees/new.html.erb within layouts/application (21.5ms)
Completed 200 OK in 469ms (Views: 439.3ms | ActiveRecord: 1.2ms)


Started POST "/employees" for ::1 at 2019-07-25 13:50:32 +0900
Processing by EmployeesController#create as HTML
  Parameters: {"utf8"=>"âœ“", "authenticity_token"=>"yAVnYbthSHuQjP0QMxVylSHS2R0sRDXEXxLlPsa2sOUiqgyUPylEmB4u6YuSPy5tx6ahtND7+e8Emx8qfW98kQ==", "employee"=>{"emp_id"=>"706", "name"=>"é˜¿éƒ¨è‹‘å­", "age"=>"32", "address"=>"", "section_id"=>"1"}, "commit"=>"ä¿å­˜"}
  [1m[35m (0.1ms)[0m  [1m[36mbegin transaction[0m
  [1m[36mEmployee Create (1.6ms)[0m  [1m[32mINSERT INTO "employees" ("emp_id", "name", "age", "address", "created_at", "updated_at", "section_id") VALUES (?, ?, ?, ?, ?, ?, ?)[0m  [["emp_id", "706"], ["name", "é˜¿éƒ¨è‹‘å­"], ["age", 32], ["address", ""], ["created_at", "2019-07-25 04:50:32.519203"], ["updated_at", "2019-07-25 04:50:32.519203"], ["section_id", 1]]
  [1m[35m (11.6ms)[0m  [1m[36mcommit transaction[0m
Redirected to http://localhost:3000/employees/1
Completed 302 Found in 25ms (ActiveRecord: 13.2ms)


Started GET "/employees/1" for ::1 at 2019-07-25 13:50:32 +0900
Processing by EmployeesController#show as HTML
  Parameters: {"id"=>"1"}
  [1m[36mEmployee Load (0.5ms)[0m  [1m[34mSELECT  "employees".* FROM "employees" WHERE "employees"."id" = ? LIMIT ?[0m  [["id", 1], ["LIMIT", 1]]
  Rendering employees/show.html.erb within layouts/application
  [1m[36mSection Load (0.4ms)[0m  [1m[34mSELECT  "sections".* FROM "sections" WHERE "sections"."id" = ? LIMIT ?[0m  [["id", 1], ["LIMIT", 1]]
  Rendered employees/show.html.erb within layouts/application (82.3ms)
Completed 200 OK in 562ms (Views: 542.6ms | ActiveRecord: 0.8ms)


Started GET "/employees" for ::1 at 2019-07-25 13:50:39 +0900
Processing by EmployeesController#index as HTML
  Rendering employees/index.html.erb within layouts/application
  [1m[36mEmployee Load (0.4ms)[0m  [1m[34mSELECT "employees".* FROM "employees"[0m
  [1m[36mSection Load (0.3ms)[0m  [1m[34mSELECT  "sections".* FROM "sections" WHERE "sections"."id" = ? LIMIT ?[0m  [["id", 1], ["LIMIT", 1]]
  Rendered employees/index.html.erb within layouts/application (6.1ms)
Completed 200 OK in 485ms (Views: 462.7ms | ActiveRecord: 0.6ms)


Started GET "/" for ::1 at 2019-07-25 13:51:03 +0900
Processing by RoutesController#index as HTML
  Rendering routes/index.html.erb within layouts/application
  Rendered routes/index.html.erb within layouts/application (1.4ms)
Completed 200 OK in 540ms (Views: 524.6ms | ActiveRecord: 0.0ms)


Started GET "/sections" for ::1 at 2019-07-25 13:51:06 +0900
Processing by SectionsController#index as HTML
  Rendering sections/index.html.erb within layouts/application
  [1m[36mSection Load (0.5ms)[0m  [1m[34mSELECT "sections".* FROM "sections"[0m
  Rendered sections/index.html.erb within layouts/application (4.4ms)
Completed 200 OK in 471ms (Views: 448.5ms | ActiveRecord: 0.5ms)


Started GET "/sections/1/edit" for ::1 at 2019-07-25 13:51:09 +0900
Processing by SectionsController#edit as HTML
  Parameters: {"id"=>"1"}
  [1m[36mSection Load (0.4ms)[0m  [1m[34mSELECT  "sections".* FROM "sections" WHERE "sections"."id" = ? LIMIT ?[0m  [["id", 1], ["LIMIT", 1]]
  Rendering sections/edit.html.erb within layouts/application
  Rendered sections/edit.html.erb within layouts/application (2.3ms)
Completed 200 OK in 524ms (Views: 500.3ms | ActiveRecord: 0.4ms)


Started PATCH "/sections/1" for ::1 at 2019-07-25 13:51:18 +0900
Processing by SectionsController#update as HTML
  Parameters: {"utf8"=>"âœ“", "authenticity_token"=>"b8H5LMgcp+m5+GXI3SWhRAwcv4YUO3Qm8gQdi5meJqSFbpLZTFSrCjdacVN8D/286mjHL+iEuA2pjeefIkfq0A==", "section"=>{"sec_name"=>"ã‚·ã‚¹ãƒ†ãƒ éƒ¨"}, "commit"=>"ä¿å­˜", "id"=>"1"}
  [1m[36mSection Load (0.3ms)[0m  [1m[34mSELECT  "sections".* FROM "sections" WHERE "sections"."id" = ? LIMIT ?[0m  [["id", 1], ["LIMIT", 1]]
  [1m[35m (0.1ms)[0m  [1m[36mbegin transaction[0m
  [1m[36mSection Update (1.9ms)[0m  [1m[33mUPDATE "sections" SET "sec_name" = ?, "updated_at" = ? WHERE "sections"."id" = ?[0m  [["sec_name", "ã‚·ã‚¹ãƒ†ãƒ éƒ¨"], ["updated_at", "2019-07-25 04:51:18.171648"], ["id", 1]]
  [1m[35m (13.3ms)[0m  [1m[36mcommit transaction[0m
Redirected to http://localhost:3000/sections/1
Completed 302 Found in 27ms (ActiveRecord: 15.6ms)


Started GET "/sections/1" for ::1 at 2019-07-25 13:51:18 +0900
Processing by SectionsController#show as HTML
  Parameters: {"id"=>"1"}
  [1m[36mSection Load (0.2ms)[0m  [1m[34mSELECT  "sections".* FROM "sections" WHERE "sections"."id" = ? LIMIT ?[0m  [["id", 1], ["LIMIT", 1]]
  Rendering sections/show.html.erb within layouts/application
  Rendered sections/show.html.erb within layouts/application (1.4ms)
Completed 200 OK in 496ms (Views: 480.6ms | ActiveRecord: 0.2ms)


Started GET "/sections" for ::1 at 2019-07-25 13:51:28 +0900
Processing by SectionsController#index as HTML
  Rendering sections/index.html.erb within layouts/application
  [1m[36mSection Load (0.3ms)[0m  [1m[34mSELECT "sections".* FROM "sections"[0m
  Rendered sections/index.html.erb within layouts/application (3.4ms)
Completed 200 OK in 555ms (Views: 532.2ms | ActiveRecord: 0.3ms)


Started GET "/" for ::1 at 2019-07-25 13:51:31 +0900
Processing by RoutesController#index as HTML
  Rendering routes/index.html.erb within layouts/application
  Rendered routes/index.html.erb within layouts/application (1.0ms)
Completed 200 OK in 507ms (Views: 491.8ms | ActiveRecord: 0.0ms)


Started GET "/employees" for ::1 at 2019-07-25 13:51:33 +0900
Processing by EmployeesController#index as HTML
  Rendering employees/index.html.erb within layouts/application
  [1m[36mEmployee Load (0.5ms)[0m  [1m[34mSELECT "employees".* FROM "employees"[0m
  [1m[36mSection Load (0.2ms)[0m  [1m[34mSELECT  "sections".* FROM "sections" WHERE "sections"."id" = ? LIMIT ?[0m  [["id", 1], ["LIMIT", 1]]
  Rendered employees/index.html.erb within layouts/application (5.9ms)
Completed 200 OK in 483ms (Views: 459.2ms | ActiveRecord: 0.7ms)


Started GET "/employees/new" for ::1 at 2019-07-25 13:51:39 +0900
Processing by EmployeesController#new as HTML
  Rendering employees/new.html.erb within layouts/application
  [1m[35m (0.4ms)[0m  [1m[34mSELECT "sections"."sec_name", "sections"."id" FROM "sections"[0m
  Rendered employees/new.html.erb within layouts/application (5.6ms)
Completed 200 OK in 549ms (Views: 532.7ms | ActiveRecord: 0.4ms)


